[    0.000000]nitiazig coup bss cput
[  .0000] Initlizing roup ubs cp
[  0.0000] Iniaizi cgroupubys cact    0.000]inx veio 4.078-genic (ild@w0-11) (c veio 5.020069 butu 5.4-6buu116.04.4) ) #99-Ubuntu SMP Thu Apr 27 15:29:09 UTC 201 (untu 4.4.0-789-generc 4.4.6
[  00000]Coan le:BO_IAG/bot/vmliz-4.0-8-neic root=UI9eeb56f-ee-47aaff-4e1766a o nse=tt console=ttyS0
[    0.000000] KEEL supprtd cpus
[    0000000]  Int GnuineInl
[   0.000000  MD AhetiMD
[   00000  Centr enurauls[    00000 x6/fp Legacy x87 FU teted.[    00000 x6/fpuUsing 'lazy' FPU coext swichs.[    000000] e82: OSpridd yscaRA map
[  .0000 BOS-e82 me0x000000000000-0x00000000fbff] usale
[  0.0000] BIOS-e820: [mem 0x00000000009fc00-0x0000000009fff reseed
[   .0000] BI-e20[mm 0x000000f000-000000000fff] rervd
[   .00000 BIOS-20 [mem 0x000000000000x0000004fffffusab
[  0.000000] BIOS-e820: [mem 0x000000004f0000-0x000000004fffff] ACPI dta
[    0.000000] OS-e820: me 0x000000fc00000x00000fffffff] resved[   .00000NX(Execu Disabl procton: tive
[  .000] SBI 2.5reent.[  0.00000Hyperviso detecte: KVM
[  0.000] e820:ast_fn 0x4f0 maxar_pfn 0x4000000
[  0.000]MT: isabled[  00000 x/PT: MRR dabed skippingPAinitiizatn oo.[    0.0000x8/P: onfiguraio[07]WB WT C- U WB  W UC-   
[  0.0000] CPU RRs all blank - virtualized system.
[    0.000000] found SMP MP-table at [mem 0x0009fff0-0x0009ffff] mapped at [ffff88000009fff0]
[    0.000000] Scanning 1 areas for low memory corruption
[    0.000000] RAMDISK: [mem 0x36234000-0x37111fff]
[    0.000000] ACPI: Early table checksum verification disabled
[    0.000000] ACPI: RSDP 0x00000000000E0000 000024 (v02 VBOX  )
[    0.000000] ACPI: XSDT 0x000000004FFF0030 00003C (v01 VBOX   VBOXXSDT 00000001 ASL  00000061)
[    0.000000] ACPI: FACP 0x000000004FFF00F0 0000F4 (v04 VBOX   VBOXFACP 00000001 ASL  00000061)
[    0.000000] ACPI: DSDT 0x000000004FFF0470 002118 (v01 VBOX   VBOXBIOS 00000002 INTL 20160108)
[    0.000000] ACPI: FACS 0x000000004FFF0200 000040
[    0.000000] ACPI: FACS 0x000000004FFF0200 000040
[    0.000000] ACPI: APIC 0x000000004FFF0240 00005C (v02 VBOX   VBOXAPIC 00000001 ASL  00000061)
[    0.000000] ACPI: SSDT 0x000000004FFF02A0 0001CC (v01 VBOX   VBOXCPUT 00000002 INTL 20160108)
[    0.000000] No NUMA configuration found
[    0.000000] Faking a node at [mem 0x0000000000000000-0x000000004ffeffff]
[    0.000000] NODE_DATA(0) allocated [mem 0x4ffeb000-0x4ffeffff]
[    0.000000] kvm-clock: Using msrs 4b564d01 and 4b564d00
[    0.000000] kvm-clock: cpu 0, msr 0:4ffe3001, primary cpu clock
[    0.000000] kvm-clock: using sched offset of 4414133399 cycles
[    0.000000] clocksource: kvm-clock: mask: 0xffffffffffffffff max_cycles: 0x1cd42e4dffb, max_idle_ns: 881590591483 ns
[    0.000000] Zone ranges:
[    0.000000]   DMA      [mem 0x0000000000001000-0x0000000000ffffff]
[    0.000000]   DMA32    [mem 0x0000000001000000-0x000000004ffeffff]
[    0.000000]   Normal   empty
[    0.000000]   Device   empty
[    0.000000] Movable zone start for each node
[    0.000000] Early memory node ranges
[    0.000000]   node   0: [mem 0x0000000000001000-0x000000000009efff]
[    0.000000]   node   0: [mem 0x0000000000100000-0x000000004ffeffff]
[    0.000000] Initmem setup node 0 [mem 0x0000000000001000-0x000000004ffeffff]
[    0.000000] ACPI: PM-Timer IO Port: 0x4008
[    0.000000] IOAPIC[0]: apic_id 2, version 17, address 0xfec00000, GSI 0-23
[    0.000000] ACPI: INT_SRC_OVR (bus 0 bus_irq 0 global_irq 2 dfl dfl)
[    0.000000] ACPI: INT_SRC_OVR (bus 0 bus_irq 9 global_irq 9 high level)
[    0.000000] Using ACPI (MADT) for SMP configuration information
[    0.000000] smpboot: Allowing 2 CPUs, 0 hotplug CPUs
[    0.000000] PM: Registered nosave memory: [mem 0x00000000-0x00000fff]
[    0.000000] PM: Registered nosave memory: [mem 0x0009f000-0x0009ffff]
[    0.000000] PM: Registered nosave memory: [mem 0x000a0000-0x000effff]
[    0.000000] PM: Registered nosave memory: [mem 0x000f0000-0x000fffff]
[    0.000000] e820: [mem 0x50000000-0xfffbffff] available for PCI devices
[    0.000000] Booting paravirtualized kernel on KVM
[    0.000000] clocksource: refined-jiffies: mask: 0xffffffff max_cycles: 0xffffffff, max_idle_ns: 7645519600211568 ns
[    0.000000] setup_percpu: NR_CPUS:512 nr_cpumask_bits:512 nr_cpu_ids:2 nr_node_ids:1
[    0.000000] PERCPU: Embedded 33 pages/cpu @ffff88004fc00000 s98264 r8192 d28712 u1048576
[    0.000000] PV qspinlock hash table entries: 256 (order: 0, 4096 bytes)
[    0.000000] Built 1 zonelists in Node order, mobility grouping on.  Total pages: 322425
[    0.000000] Policy zone: DMA32
[    0.000000] Kernel command line: BOOT_IMAGE=/boot/vmlinuz-4.4.0-78-generic root=UUID=9e3eb56f-ee2f-47aa-afaf-6f4e81766d8a ro console=tty1 console=ttyS0
[    0.000000] PID hash table entries: 4096 (order: 3, 32768 bytes)
[    0.000000] Memory: 1255404K/1310264K available (8469K kernel code, 1294K rwdata, 3984K rodata, 1484K init, 1316K bss, 54860K reserved, 0K cma-reserved)
[    0.000000] SLUB: HWalign=64, Order=0-3, MinObjects=0, CPUs=2, Nodes=1
[    0.000000] Hierarchical RCU implementation.
[    0.000000] 	Build-time adjustment of leaf fanout to 64.
[    0.000000] 	RCU restricting CPUs from NR_CPUS=512 to nr_cpu_ids=2.
[    0.000000] RCU: Adjusting geometry for rcu_fanout_leaf=64, nr_cpu_ids=2
[    0.000000] NR_IRQS:33024 nr_irqs:440 16
[    0.000000] Console: colour VGA+ 80x25
[    0.000000] console [tty1] enabled
[    0.000000] console [ttyS0] enabled
[    0.000000] tsc: Detected 1497.302 MHz processor
[    0.000000] tsc: Marking TSC unstable due to TSCs unsynchronized
[    0.008000] Calibrating delay loop (skipped) preset value.. 2994.60 BogoMIPS (lpj=5989208)
[    0.008008] pid_max: default: 32768 minimum: 301
[    0.009998] ACPI: Core revision 20150930
[    0.014012] ACPI: 2 ACPI AML tables successfully acquired and loaded
[    0.016612] Security Framework initialized
[    0.018381] Yama: becoming mindful.
[    0.020055] AppArmor: AppArmor initialized
[    0.024034] Dentry cache hash table entries: 262144 (order: 9, 2097152 bytes)
[    0.029157] Inode-cache hash table entries: 131072 (order: 8, 1048576 bytes)
[    0.032681] Mount-cache hash table entries: 4096 (order: 3, 32768 bytes)
[    0.035580] Mountpoint-cache hash table entries: 4096 (order: 3, 32768 bytes)
[    0.040071] Initializing cgroup subsys io
[    0.042192] Initializing cgroup subsys memory
[    0.044029] Initializing cgroup subsys devices
[    0.045905] Initializing cgroup subsys freezer
[    0.048011] Initializing cgroup subsys net_cls
[    0.050283] Initializing cgroup subsys perf_event
[    0.052018] Initializing cgroup subsys net_prio
[    0.054014] Initializing cgroup subsys hugetlb
[    0.056013] Initializing cgroup subsys pids
[    0.058074] CPU: Physical Processor ID: 0
[    0.060004] CPU: Processor Core ID: 0
[    0.064011] mce: CPU supports 0 MCE banks
[    0.065805] Last level iTLB entries: 4KB 512, 2MB 16, 4MB 8
[    0.068007] Last level dTLB entries: 4KB 1024, 2MB 128, 4MB 64, 1GB 0
[    0.074334] Freeing SMP alternatives memory: 32K (ffffffff820b8000 - ffffffff820c0000)
[    0.091522] ftrace: allocating 32120 entries in 126 pages
[    0.112269] smpboot: APIC(0) Converting physical 0 to logical package 0
[    0.116010] smpboot: Max logical packages: 1
[    0.121499] ..TIMER: vector=0x30 apic1=0 pin1=2 apic2=-1 pin2=-1
[    0.128000] smpboot: CPU0: AMD A6-3420M APU with Radeon(tm) HD Graphics (family: 0x12, model: 0x1, stepping: 0x0)
[    0.128038] Performance Events: Broken PMU hardware detected, using software events only.
[    0.132000] Failed to access perfctr msr (MSR c0010007 is 0)
[    0.132086] KVM setup paravirtual spinlock
[    0.136716] x86: Booting SMP configuration:
[    0.138923] .... node  #0, CPUs:      #1
[    0.008000] kvm-clock: cpu 1, msr 0:4ffe3041, secondary cpu clock
[    0.008000] mce: CPU supports 0 MCE banks
[    0.152104] x86: Booted up 1 node, 2 CPUs
[    0.155009] smpboot: Total of 2 processors activated (5989.20 BogoMIPS)
[    0.161165] devtmpfs: initialized
[    0.174100] evm: security.selinux
[    0.176005] evm: security.SMACK64
[    0.179018] evm: security.SMACK64EXEC
[    0.180005] evm: security.SMACK64TRANSMUTE
[    0.184004] evm: security.SMACK64MMAP
[    0.186653] evm: security.ima
[    0.188004] evm: security.capability
[    0.197598] clocksource: jiffies: mask: 0xffffffff max_cycles: 0xffffffff, max_idle_ns: 7645041785100000 ns
[    0.200122] futex hash table entries: 512 (order: 3, 32768 bytes)
[    0.208503] pinctrl core: initialized pinctrl subsystem
[    0.348336] RTC time:  4:07:56, date: 06/06/17
[    0.504675] NET: Registered protocol family 16
[    0.664025] cpuidle: using governor ladder
[    0.680066] cpuidle: using governor menu
[    0.684063] PCCT header not found.
[    0.692209] ACPI: bus type PCI registered
[    0.696036] acpiphp: ACPI Hot Plug PCI Controller Driver version: 0.5
[    0.700322] PCI: Using configuration type 1 for base access
[    0.704016] PCI: Using configuration type 1 for extended access
[    0.724356] ACPI: Added _OSI(Module Device)
[    0.784014] ACPI: Added _OSI(Processor Device)
[    0.924012] ACPI: Added _OSI(3.0 _SCP Extensions)
[    1.064013] ACPI: Added _OSI(Processor Aggregator Device)
[    1.261106] ACPI: Executed 1 blocks of module-level executable AML code
[    1.496465] ACPI: Interpreter enabled
[    1.620032] ACPI: (supports S0 S5)
[    1.744006] ACPI: Using IOAPIC for interrupt routing
[    1.880321] PCI: Using host bridge windows from ACPI; if necessary, use "pci=nocrs" and report a bug
[    2.184328] ACPI: PCI Root Bridge [PCI0] (domain 0000 [bus 00-ff])
[    2.396020] acpi PNP0A03:00: _OSC: OS supports [ExtendedConfig ASPM ClockPM Segments MSI]
[    2.680015] acpi PNP0A03:00: _OSC failed (AE_NOT_FOUND); disabling ASPM
[    2.908138] PCI host bridge to bus 0000:00
[    3.056011] pci_bus 0000:00: root bus resource [io  0x0000-0x0cf7 window]
[    3.296006] pci_bus 0000:00: root bus resource [io  0x0d00-0xffff window]
[    3.548010] pci_bus 0000:00: root bus resource [mem 0x000a0000-0x000bffff window]
[    3.840012] pci_bus 0000:00: root bus resourc [mem 0x50000000-0xffdfffff window]
[    4.180026] pci_bus 0000:00: root bus resource [bus 00-ff]
[    4.400076] pci 0000:00:01.1: legacy IDE quirk: reg 0x10: [io  0x01f0-0x01f7]
[    4.676054]pci 0000:00:01.1: legacy IDE quirk: reg 0x14: [io  0x03f6]
[    4.988009] pci 0000:00:01.1: legacy IDE quirk: reg 0x18: [io  0x0170-0x0177]
[    5.252013] pci 0000:00:01.1: legacy IDE quirk: reg 0x1c: [io  0x0376]
[    5.550563] ACPI: PCI Interrupt Link [LNKA] (IRQs 5 9 10 11) *0, disabled.
[    5.748123] ACPI: PCI Interrupt Link [LNKB] (IRQs 5 9 10 *11)
[    5.936121] ACPI: PCI Interrupt Link [LNKC] (IRQs 5 9 *10 11)
[    6.128119] ACPI: PCI Interrupt Link [LNKD] (IRQs 5 *9 10 11)
[    6.308217] ACPI: Enabled 2 GPEs in block 00 to 07
[    6.476234] vgaarb: setting as boot device: PCI:0000:00:02.0
[    6.480000] vgaarb: device added: PCI:0000:00:02.0,decodes=io+mem,owns=io+mem,locks=none
[    7.004008] vgaarb: loaded
[    7.084005] vgaarb: bridge control possible 0000:00:02.0
[    7.284430] SCSI subsystem initialized
[    7.404176] ACPI: bus type USB registered
[    7.568053] usbcore: registered new interface driver usbfs
[    7.768033] usbcore: registered new interface driver hub
[    7.944135] usbcore: registered new device driver usb
[    8.104228] PCI: Using ACPI for IRQ routing
[    8.240095] NetLabel: Initializing
[    8.344004] NetLabel:  domain hash size = 128
[    8.488022] NetLabel:  protocols = UNLABELED CIPSOv4
[    8.668054] NetLabel:  unlabeled traffic allowed by default
[    8.872151] amd_nb: Cannot enumerate AMD northbridges
[    9.048115] clocksource: Switched to clocksource kvm-clock
[    9.254104] AppArmor: AppArmor Filesystem Enabled
[    9.404376] pnp: PnP ACPI init
[    9.505684] pnp: PnP ACPI: found 3 devices
[    9.746302] clocksource: acpi_pm: mask: 0xffffff max_cycles: 0xffffff, max_idle_ns: 2085701024 ns
[   10.031358] NET: Registered protocol family 2
[   10.184873] TCP established hash table entries: 16384 (order: 5, 131072 bytes)
[   10.518611] TCP bind hash table entries: 16384 (order: 6, 262144 bytes)
[   10.788125] TCP: Hash tables configured (established 16384 bind 16384)
[   11.158180] UDP hash table entries: 1024 (order: 3, 32768 bytes)
[   11.428109] UDP-Lite hash table entries: 1024 (order: 3, 32768 bytes)
[   11.762911] NET: Registered protocol family 1
[   11.922441] pci 0000:00:00.0: Limiting direct PCI/PCI transfers
[   12.143926] pci 0000:00:01.0: Activating ISA DMA hang workarounds
[   12.335406] Unpacking initramfs...
[   12.884641] Freeing initrd memory: 15224K (ffff880036234000 - ffff880037112000)
[   12.987546] clocksource: tsc: mask: 0xffffffffffffffff max_cycles: 0x15952dde412, max_idle_ns: 440795214072 ns
[   13.313923] platform rtc_cmos: registered platform RTC device (no PNP device found)
[   13.555143] Scanning for low memory corruption every 60 seconds
[   13.755450] audit: initializing netlink subsys (disabled)
[   13.923808] audit: type=2000 audit(1496722085.305:1): initialized
[   14.114075] Initialise system trusted keyring
[   1482637] HugeTLB registered 2 MB page size, pre-allocated 0 pages
[   14.878]bu lde

[   14.818342] VFS: Disk quotas dquot_6.6.0
[   14.931327] VFS: Dquot-cache hash table entries: 512 (order 0, 4096 bytes)
[   15.111206] squashfs: version 4.0 (2009/01/31) Phillip Lougher
[   15.183956] fuse init (API version 7.23)
[   15.241218] Key type big_key registered
[   15.409524] Allocating IMA MOK and blacklist keyrings.
[   15.633769] Key type asymmetric registered
[   15.826859] Asymmetric key parser 'x509' registered
[   16.000807] Block layer SCSI generic (bsg) driver version 0.4 loaded (major 249)
[   16.224229] io scheduler noop registered
[   16.338008] io scheduler deadline registered (default)
[   16.494197] io scheduler cfq registered
[   16.611643] pci_hotplug: PCI Hot Plug PCI Core version: 0.5
[   16.768774] pciehp: PCI Express Hot Plug Controller Driver version: 0.4
[   16.967044] ACPI: AC Adapter [AC] (on-line)
[   17.088156] input: Power Button as /devices/LNXSYSTM:00/LNXPWRBN:00/input/input0
[   17.313503] ACPI: Power Button [PWRF]
[   17.435048] input: Sleep Button as /devices/LNXSYSTM:00/LNXSLPBN:00/input/input1
[   17.703631] ACPI: Sleep Button [SLPF]
[   17.819090] ACPI: Battery Slot [BAT0] (battery present)
ÿ[   17.825076] GHES: HEST is not enabled!
[   17.825418] Serial: 8250/16550 driver, 32 ports, IRQ sharing enabled
[   18.005922] 00:02: ttyS0 at I/O 0x3f8 (irq = 4, base_baud = 115200) is a 16550A
[   18.165743] Linux agpgart interface v0.103
[   18.553024] loop: module loaded
[   18.554002] scsi host0: ata_piix
[   18.554120] scsi host1: ata_piix
[   18.554195] ata1: PATA max UDMA/33 cmd 0x1f0 ctl 0x3f6 bmdma 0xd000 irq 14
[   18.554197] ata2: PATA max UDMA/33 cmd 0x170 ctl 0x376 bmdma 0xd008 irq 15
[   18.554445] libphy: Fixed MDIO Bus: probed
[   18.554449] tun: Universal TUN/TAP device driver, 1.6
[   18.554450] tun: (C) 1999-2004 Max Krasnyansky <maxk@qualcomm.com>
[   18.554563] PPP generic driver version 2.4.2
[   18.554645] ehci_hcd: USB 2.0 'Enhanced' Host Controller (EHCI) Driver
[   18.554652] ehci-pci: EHCI PCI platform driver
[   18.554674] ehci-platform: EHCI generic platform driver
[   18.554685] ohci_hcd: USB 1.1 'Open' Host Controller (OHCI) Driver
[   18.554689] ohci-pci: OHCI PCI platform driver
[   18.554701] ohci-platform: OHCI generic platform driver
[   18.554711] uhci_hcd: USB Universal Host Controller Interface driver
[   18.554804] i8042: PNP: PS/2 Controller [PNP0303:PS2K,PNP0f03:PS2M] at 0x60,0x64 irq 1,12
[   18.555517] serio: i8042 KBD port at 0x60,0x64 irq 1
[   18.555523] serio: i8042 AUX port at 0x60,0x64 irq 12
[   18.555684] mousedev: PS/2 mouse device common for all mice
[   18.556319] input: AT Translated Set 2 keyboard as /devices/platform/i8042/serio0/input/input2
[   18.556844] rtc_cmos rtc_cmos: rtc core: registered rtc_cmos as rtc0
[   18.556987] rtc_cmos rtc_cmos: alarms up to one day, 114 bytes nvram
[   18.556996] i2c /dev entries driver
[   18.557082] device-mapper: uevent: version 1.0.3
[   18.557169] device-mapper: ioctl: 4.34.0-ioctl (2015-10-28) initialised: dm-devel@redhat.com
[   18.557196] ledtrig-cpu: registered to indicate activity on CPUs
[   18.557792] NET: Registered protocol family 10
[   18.558050] NET: Registered protocol family 17
[   18.558064] Key type dns_resolver registered
[   18.558391] microcode: CPU0: patch_level=0x06000626
[   18.554547] microcode: CPU1: patch_level=0x06000626
[   18.679169] microcode: Microcode Update Driver: v2.01 <tigran@aivazian.fsnet.co.uk>, Peter Oruba
[   18.679386] registered taskstats version 1
[   18.679404] Loading compiled-in X.509 certificates
[   18.680902] Loaded X.509 cert 'Build time autenerated kernel key: 779fd75203f0d36b99b83c7328fac831ec7adf9e'
[   18.680932] zswap: loaded using pool lzo/zbud
[   18.684845] Key type trusted registered
[   18.690118] Key type encrypted registered
[   18.690130] AppArmor: AppArmor sha1 policy hashing enabled
[   18.690134] ima: No TPM chip found, activating TPM-bypass!
[   18.690173] evm: HMAC attrs: 0x1
[   18.690616]   Magic number: 5:934:109
[   18.764899] rtc_cmos rtc_cmos: setting system clock to 2017-06-06 04:08:15 UTC (1496722095)
[   18.765127] BIOS EDD facility v0.16 2004-Jun-25, 0 devices found
[   18.765128] EDD information not available.
[   26.802263] Freeing unused kernel memory: 1484K (ffffffff81f45000 - ffffffff820b8000)
[   27.055749] Write protecting the kernel read-only data: 14336k
[   27.253199] Freeing unused kernel memory: 1760K (ffff880001848000 - ffff880001a00000)
[   27.504455] Freeing unused kernel memory: 112K (ffff880001de4000 - ffff880001e00000)
Loading, please wait...
starting version[   27.786317] random: systemd-udevd: uninitialized urandom read (16 bytes read, 4 bits of entropy available)
 229
[   27.789307] random: udevadm: uninitialized urandom read (16 bytes read, 4 bits of entropy available)
[   27.789414] random: udevadm: uninitialized urandom read (16 bytes read, 4 bits of entropy available)
[   27.789756] random: udevadm: uninitialized urandom read (16 bytes read, 4 bits of entropy available)
[   27.789912] random: udevadm: uninitialized urandom read (16 bytes read, 4 bits of entropy available)
[   27.790042] random: udevadm: uninitialized urandom read (16 bytes read, 4 bits of entropy available)
[   27.790167] random: udevadm: uninitialized urandom read (16 bytes read, 4 bits of entropy available)
[   27.790299] random: udevadm: uninitialized urandom read (16 bytes read, 4 bits of entropy available)
[   27.790421] random: udevadm: uninitialized urandom read (16 bytes read, 4 bits of entropy available)
[   27.790535] random: udevadm: uninitialized urandom read (16 bytes read, 4 bits of entropy available)
[   30.839243] e1000: Intel(R) PRO/1000 Network Driver - version 7.3.21-k8-NAPI
[   31.035115] e1000: Copyright (c) 1999-2006 Intel Corporation.
[   31.177731] Fusion MPT base driver 3.04.20
[   31.297606] Copyright (c) 1999-2008 LSI Corporation
[   31.443386] Fusion MPT SPI Host driver 3.04.20
[   31.653746] input: ImExPS/2 Generic Explorer Mouse as /devices/platform/i8042/serio1/input/input4
[   32.024097] e1000 0000:00:03.0 eth0: (PCI:33MHz:32-bit) 02:6d:90:52:c7:b2
[   32.114245] e1000 0000:00:03.0 eth0: Intel(R) PRO/1000 Network Connection
[   32.301570] mptbase: ioc0: Initiating bringup
[   32.302857] e1000 0000:00:03.0 enp0s3: renamed from eth0
[   32.660903] ioc0: LSI53C1030 A0: Capabilities={Initiator}
[   33.023831] scsi host2: ioc0: LSI53C1030 A0, FwRev=00000000h, Ports=1, MaxQ=256, IRQ=20
[   34.184481] floppy0: no floppy controllers found
[   34.184604] work still pending
[   34.425598] scsi 2:0:0:0: Direct-Access     VBOX     HARDDISK         1.0  PQ: 0 ANSI: 5
[   34.799068] scsi target2:0:0: Beginning Domain Validation
[   34.972412] scsi target2:0:0: Domain Validation skipping write tests
[   34.991898] scsi target2:0:0: Ending Domain Validation
[   35.054014] scsi target2:0:0: asynchronous
[   35.059147] scsi 2:0:1:0: Direct-Access     VBOX     HARDDISK         1.0  PQ: 0 ANSI: 5
[   35.063775] scsi target2:0:1: Beginning Domain Validation
[   35.069194] scsi target2:0:1: Domain Validation skipping write tests
[   35.072208] scsi target2:0:1: Ending Domain Validation
[   35.074935] scsi target2:0:1: asynchronous
[   35.099904] sd 2:0:0:0: Attached scsi generic sg0 type 0
[   35.112732] sd 2:0:0:0: [sda] 20971520 512-byte logical blocks: (10.7 GB/10.0 GiB)
[   35.116376] sd 2:0:1:0: Attached scsi generic sg1 type 0
[   35.116828] sd 2:0:1:0: [sdb] 20480 512-byte logical blocks: (10.5 MB/10.0 MiB)
[   35.117261] sd 2:0:1:0: [sdb] Write Protect is off
[   35.117442] sd 2:0:1:0: [sdb] Incomplete mode parameter data
[   35.117445] sd 2:0:1:0: [sdb] Assuming drive cache: write through
[   35.328081] sd 2:0:1:0: [sdb] Attached SCSI disk
[   36.380689] sd 2:0:0:0: [sda] Write Protect is off
[   36.421191] sd 2:0:0:0: [sda] Incomplete mode parameter data
[   36.429390] sd 2:0:0:0: [sda] Assuming drive cache: write through
[   36.609783]  sda: sda1
[   37.032442] sd 2:0:0:0: [sda] Attached SCSI disk
Begin: Loading e[   39.276317] md: linear personality registered for level -1
ssential drivers[   39.345318] md: multipath personality registered for level -4
 ... [   39.471696] md: raid0 personality registered for level 0
[   39.648011] md: raid1 personality registered for level 1
[   39.748337] raid6: sse2x1   gen()  2322 MB/s
[   39.940287] raid6: sse2x1   xor()  2432 MB/s
[   40.156221] raid6: sse2x2   gen()  2993 MB/s
[   40.364306] raid6: sse2x2   xor()  3522 MB/s
[   40.569376] raid6: sse2x4   gen()  3964 MB/s
[   40.764462] raid6: sse2x4   xor()  2141 MB/s
[   40.908430] raid6: using algorithm sse2x4 gen() 3964 MB/s
[   41.081393] raid6: .... xor() 2141 MB/s, rmw enabled
[   41.247434] raid6: using intx1 recovery algorithm
[   41.420180] xor: measuring software checksum speed
[   41.524203]    prefetch64-sse:  5216.000 MB/sec
[   41.624247]    generic_sse:  5003.000 MB/sec
[   41.666832] xor: using function: prefetch64-sse (5216.000 MB/sec)
[   41.721108] async_tx: api initialized (async)
[   41.794175] md: raid6 personality registered for level 6
[   41.808897] md: raid5 personality registered for level 5
[   41.868991] md: raid4 personality registered for level 4
[   41.950613] md: raid10 personality registered for level 10
done.
Begin: Running /scripts/init-premount ... done.
Begin: Mounting root file sys[   42.116478] Btrfs loaded
tem ... Begin: Running /scripts/local-top ... done.
Begin: Running /scripts/local-premount ... Scanning for Btrfs filesystems
done.
Warning: fsck no[   42.381016] EXT4-fs (sda1): INFO: recovery required on readonly filesystem
t present, so sk[   42.599063] EXT4-fs (sda1): write access will be enabled during recovery
ipping root file system
[   43.236386] EXT4-fs (sda1): orphan cleanup on readonly fs
[   43.408712] EXT4-fs (sda1): 6 orphan inodes deleted
[   43.624586] EXT4-fs (sda1): recovery complete
[   43.758136] EXT4-fs (sda1): mounted filesystem with ordered data mode. Opts: (null)
done.
[   43.998873] random: nonblocking pool is initialized
Begin: Running /scripts/local-bottom ... done.
Begin: Running /scripts/init-bottom ... done.
[   46.184881] systemd[1]: systemd 229 running in system mode. (+PAM +AUDIT +SELINUX +IMA +APPARMOR +SMACK +SYSVINIT +UTMP +LIBCRYPTSETUP +GCRYPT +GNUTLS +ACL +XZ -LZ4 +SECCOMP +BLKID +ELFUTILS +KMOD -IDN)
[   46.824205] systemd[1]: Detected virtualization oracle.
[   47.006508] systemd[1]: Detected architecture x86-64.

Welcome to [1mUbuntu 16.04.1 LTS[0m!

[  47.23108] ysmd]:etostname  <aravel-xenial64>.

[   49.370659] systemd[1]: Reached target User and Group Name Lookups.
[[0;32m  OK  [0m] Reached target User and Group Name Lookups.
[   49.623720] systemd[1]: Listening on Journal Socket.
[[0;32m  OK  [0m] Listening on Journal Socket.
[   49.885029] systemd[1]: Listening on Journal Socket (/dev/log).
[[0;32m  OK  [0m] Listening on Journal Socket (/dev/log).
[   50.220451] systemd[1]: Listening on Syslog Socket.
[[0;32m  OK  [0m] Listening on Syslog Socket.
[   50.500583] systemd[1]: Listening on LVM2 poll daemon socket.
[[0;32m  OK  [0m] Listening on LVM2 poll daemon socket.
[   50.720849] systemd[1]: Listening on Journal Audit Socket.
[[0;32m  OK  [0m] Listening on Journal Audit Socket.
[   51.016845] systemd[1]: Started Forward Password Requests to Wall Directory Watch.
[[0;32m  OK  [0m] Started Forward Password Requests to Wall Directory Watch.
[   51.521517] systemd[1]: Created slice User and Session Slice.
[[0;32m  OK  [0m] Created slice User and Session Slice.
[   51.832952] systemd[1]: Listening on udev Kernel Socket.
[[0;32m  OK  [0m] Listening on udev Kernel Socket.
[   52.102 syste[1 Rch tgeEnypd Volus.
[[0;32m  OK  [0m] Reached target Encrypted Volumes.
[   52.971] stemd1]LiteninondeinctCoatility amed Pi.
[[0;32m  OK  [0m] Listening on /dev/initctl Compatibility Named Pipe.
[ 54579]ysemd[: ead icSyemic
[[0;32m  OK  [0m] Created slice System Slice.
[   54.865061] systemd[1]: Starting Create list of required static device nodes for the current kernel...
         Starting Create list of required st... nodes for the current kernel...
[ 55048] syte[1 Rch tgeSles

[[0;32m  OK  [0m] Reached target Slices.
[   55.961298] systemd[1]: Starting Load Kernel Modules...
         Startin[   56.101371] Loading iSCSI transport class v2.0-870.
g Load Kernel Modules...
[   56.220789] systemd[1]: Mounting Debug File System...
         [   56.386916] iscsi: registered transport (tcp)
Mounting Debug File System...
[   56.568934] systemd[1]: Starting Journal Service...
         Starting Journal Service...
[   56.712526] systemd[1]: Mounting POSIX Message Queue File System...
         Mounting POSIX Message Queue File System...
[   56.941085] systemd[1]: Set up automount Arbitrary Executable File Formats File System Automount Point.
[[0;32m  OK  [[   57.086969] iscsi: registered transport (iser)
0m] Set up automount Arbitrary Executab...ats File System Automount Point.
[   57.273365] systemd[1]: Listening on LVM2 metadata daemon socket.
[[0;32m  OK  [0m] Listening on LVM2 metadata daemon socket.
[ 574329] yste[1 Reach tgeSw.
[[0;32m  OK  [0m] Reached target Swap.
[  58.1237systd[]: Crtesle st-sia\x2dttsle. [[0;32m  OK  [0m] Created slice system-serial\x2dgetty.slice.
[ 59.125077] sysem[1] Lisnig on udeCoroSoet

[[0;32m  OK  [0m] Listening on udev Control Socket.
[ 59808]ysemd[1] Listengon Dicmaerve dmoFIs.
[[0;32m  OK  [0m] Listening on Device-mapper event daemon FIFOs.
[   60.893168] systemd[1]: Starting Monitoring of LVM2 mirrors, snapshots etc. using dmeventd or progress polling...
         Starting Monitoring of LVM2 mirrors... dmeventd or progress polling...
[   61.356690] systemd[1]: Starting Set console keymap...
         Starting Set console keymap...
[   61.421175] systemd[1]: Mounting Huge Pages File System...
         Mounting Huge Pages File System...
[   61.493054] systemd[1]: Starting Remount Root and Kernel File Systems...
[   61.628768] EXT4-fs (sda1): re-mounted. Opts: (null)
         Starting Remount Root and Kernel File Systems...
[   61.921334] systemd[1]: Starting Uncomplicated firewall...
         Starting Uncomplicated firewall...
[   62.168823] systemd[1]: Starting Nameserver information manager...
         Starting Nameserver information manager...
[   62.409132] systemd[1]: Mounted Debug File System.
[[0;32m  OK  [0m] Mounted Debug File System.
[ 62408]ysemd[: und SIMeage Queue Fe ystem.
[[0;32m  OK  [0m] Mounted POSIX Message Queue File System.
[   63.44470 ste[1]:oued Hgeag Fe te.
[[0;32m  OK  [0m] Mounted Huge Pages File System.
[ 64.229154] systemd[1]: Started ournaSeic
[[0;32m  OK  [0m] Started Journal Service.
[[0;32m  OK  [0m] Started Create list of required sta...ce nodes for the current kernel.
[[0;32m  OK  [0m] Started Load Kernel Modules.
[[0;32m  OK  [0m] Started Set console keymap.
[[0;32m  OK  [0m] Started Remount Root and Kernel File Systems.
[[0;32m  OK  [0m] Started Uncomplicated firewall.
[[0;32m  OK  [0m] Started Nameserver information manager.
[[0;32m  OK  [0m] Started LVM2 metadata daemon.
         Starting Initial cloud-init job (pre-networking)...
         Starting Load/Save Random Seed...
         Starting udev Coldplug all Devices...
         Mounting FUSE Control File System...
         Starting Apply Kernel Variables...
         Starting Create Static Device Nodes in /dev...
         Starting Flush Journal to Persistent Storage...
[[0;32m  OK  [0m] Mounted FUSE Control File Sys[   65.743591] ip_local_port_range: prefer different parity for start/end values.
tem.
[[0;32m  OK  [0m] Started Monitoring of LVM2 mirrors,...ng dmeventd or progress polling.
[[0;32m  OK  [0m] Started Load/Save Random Seed.
[[0;32m  OK  [0m] Started Apply Kernel Variables.
[[0;32m  OK  [0m] Started Create Static Device Nodes in /dev.
[[0;32m  OK  [0m] Started udev Coldplug all Devices.
         Starting udev Kernel Device Manager...
[[0;32m  OK  [0m] Started Flush Journal to Persistent Storage.
[[0;32m  OK  [0m] Started udev Kernel Device Manager.
[[0;32m  OK  [0m] Started Dispatch Password Requests to Console Directory Watch.
[[0;32m  OK  [0m] Reached target Local File Systems (Pre).
         Mounting /home/ubuntu/nginx-cache...
[[0;32m  OK  [0m] Mounted /home/ubuntu/nginx-cache.
[[0;32m  OK  [0m] Reached target Local File Systems.
         Starting Create Volatile Files and Directories...
         Starting Set console font and keymap...
         Starting Tell Plymouth To Write Out Runtime Data...
         Starting LSB: AppArmor initialization...
[[0;32m  OK  [0m] Started Create Volatile Files and Directories.
[[0;32m  OK  [0m] Started Tell Plymouth To Write Out Runtime Data.
[[0;32m  OK  [0m] Found device /dev/ttyS0.
[[0;32m  OK  [0m] Reached target System Time Synchronized.
         Starting Update UTMP about System Boot/Shutdown...
[[0;32m  OK  [0m] Found device 82540EM Gigabit Ethern...r (PRO/1000 MT Desktop Adapter).
[[0;32m  OK  [0m] Started Update UTMP about System Boot/Shutdown.
[[0;32m  OK  [0m] Listening on Load/Save RF Kill Switch Status /dev/rfkill Watch.
[[0;32m  OK  [0m] Started Set console font and keymap.
[[0;32m  OK  [0m] Started LSB: AppArmor initialization.
[[0;32m  OK  [0m] Created slice system-getty.slice.
[   74.563428] cloud-init[421]: Cloud-init v. 0.7.8 running 'init-local' at Tue, 06 Jun 2017 04:09:10 +0000. Up 73.36 seconds.
[[0;32m  OK  [0m] Started Initial cloud-init job (pre-networking).
[[0;32m  OK  [0m] Reached target Network (Pre).
[[0;32m  OK  [0m] Started ifup for enp0s3.
         Starting Raise network interfaces...
[[0;32m  OK  [0m] Started Raise network interfaces.
[[0;32m  OK  [0m] Reached target Network.
         Starting Initial cloud-init job (metadata service crawler)...
[   77.757195] cloud-init[953]: Cloud-init v. 0.7.8 running 'init' at Tue, 06 Jun 2017 04:09:13 +0000. Up 76.75 seconds.
[   77.857064] cloud-init[953]: ci-info: +++++++++++++++++++++++++++++++++++++Net device info++++++++++++++++++++++++++++++++++++++
[   77.989290] cloud-init[953]: ci-info: +--------+------+----------------------------+---------------+-------+-------------------+
[[0;32m  OK  [0m] Started Initial cloud-init job (metadata service crawler).
[   77.989969] cloud-init[953]: ci-info: | Device |  Up  |          Address           |      Mask     | Scope |     Hw-Address    |
[   78.337043] cloud-init[953]: ci-info: +--------+------+----------------------------+---------------+-------+-------------------+
[[0;32m  OK  [0m] Reached target Network is Online.
[   78.337589] cloud-init[953]: ci-info: |   lo   | True |         127.0.0.1          |   255.0.0.0   |   .   |         .         |
[   78.664700] cloud-init[953]: ci-info: |   lo   | True |          ::1/128           |       .       |  host |         .         |
         Starting iSCSI initiator daemon (iscsid)...
[[0;32m  OK  [0m] Reached target Cloud-config availability.
[   78.665678] cloud-init[953]: ci-info: | enp0s3 | True |         10.0.2.15          | 255.255.255.0 |   .   | 02:6d:90:52:c7:b2 |
[[0;32m  OK  [0m] Reached target System Initialization.
[[0;32m  OK  [0m] Listening on UUID daemon activation socket.
[   78.833923] cloud-init[953]: ci-info: | enp0s3 | True | fe80::6d:90ff:fe52:c7b2/64 |       .       |  link | 02:6d:90:52:c7:b2 |
[   79.256830] [cloud-init[0;32m  OK  [0m[953]: ] ci-info: +--------+------+----------------------------+---------------+-------+-------------------+Started ACPI Events Check.

[   79.257835] [cloud-init[0;32m  OK  [0m[953]: ] ci-info: +++++++++++++++++++++++++++Route IPv4 info++++++++++++++++++++++++++++Listening on ACPID Listen Socket.

[   79.832914] [cloud-init[0;32m  OK  [0m[953]: ] ci-info: +-------+-------------+----------+---------------+-----------+-------+Started Daily Cleanup of Temporary Directories.

[   79.833896] cloud-init[953]: ci-info: | Route | Destination | Gateway  |    Genmask    | Interface | Flags |
[   80.131670] cloud-init[953]: ci-info: +-------+-------------+----------+---------------+-----------+-------+
[   80.272466] [cloud-init[0;32m  OK  [0m[953]: ] ci-info: |   0   |   0.0.0.0   | 10.0.2.2 |    0.0.0.0    |   enp0s3  |   UG  |Started Daily apt activities.

[[0;32m  OK  [0m] Started Trigger resolvconf update for networkd DNS.
[   80.273255] cloud-init[953]: ci-info: |   1   |   10.0.2.0  | 0.0.0.0  | 255.255.255.0 |   enp0s3  |   U   |[
[0;32m  OK  [0m] Reached target Paths.
[   80.684869] [cloud-init[0;32m  OK  [0m[953]: ] ci-info: +-------+-------------+----------+---------------+-----------+-------+Listening on D-Bus System Message Bus Socket.

[[0;32m  OK  [0m] Started Timer to automatically refresh installed snaps.
[[0;32m  OK  [0m] Reached target Timers.
         Starting Socket activation for snappy daemon.
         Starting LXD - unix socket.
[[0;32m  OK  [0m] Listening on Socket activation for snappy daemon.
[[0;32m  OK  [0m] Listening on LXD - unix socket.
[[0;32m  OK  [0m] Reached target Sockets.
[[0;32m  OK  [0m] Reached target Basic System.
[[0;32m  OK  [0m] Started ACPI event daemon.
         Starting LXD - container startup/shutdown...
[[0;32m  OK  [0m] Started Deferred execution scheduler.
         Starting A high performance web server and a reverse proxy server...
         Starting Apply the settings specified in cloud-config...
         Starting The PHP 7.0 FastCGI Process Manager...
[[0;32m  OK  [0m] Started Regular background program processing daemon.
         Starting /etc/rc.local Compatibility...
         Starting Login Service...
         Starting Initialize hardware monitoring sensors...
         Starting Accounts Service...
[[0;32m  OK  [0m] Started memcached daemon.
         Starting Daily apt activities...
         Starting MySQL Community Server...
[[0;32m  OK  [0m] Started FUSE filesystem for LXC.
         Starting OpenBSD Secure Shell server...
         Starting LSB: Record successful boot for GRUB...
[[0;32m  OK  [0m] Started D-Bus System Message Bus.
[   84.668758] cloud-init[1020]: Cloud-init v. 0.7.8 running 'modules:config' at Tue, 06 Jun 2017 04:09:19 +0000. Up 82.99 seconds.
         Starting LSB: MD monitoring daemon...
         Starting System Logging Service...
[[0;32m  OK  [0m] Started Snappy daemon.
         Starting Auto import assertions from block devices...
[[0;32m  OK  [0m] Started OpenBSD Secure Shell server.
[[0;32m  OK  [0m] Started iSCSI initiator daemon (iscsid).
[[0;32m  OK  [0m] Started Apply the settings specified in cloud-config.
[[0;32m  OK  [0m] Started /etc/rc.local Compatibility.
[[0;32m  OK  [0m] Started Auto import assertions from block devices.
[[0;32m  OK  [0m] Started Initialize hardware monitoring sensors.
[[0;32m  OK  [0m] Started LXD - container startup/shutdown.
[[0;32m  OK  [0m] Started Login Service.
         Starting Authenticate and Authorize Users to Run Privileged Tasks...
         Starting Login to default iSCSI targets...
[[0;32m  OK  [0m] Started System Logging Service.
[[0;32m  OK  [0m] Started LSB: MD monitoring daemon.
[[0;32m  OK  [0m] Started LSB: Record successful boot for GRUB.
[[0;32m  OK  [0m] Started A high performance web server and a reverse proxy server.
[[0;32m  OK  [0m] Started Authenticate and Authorize Users to Run Privileged Tasks.
[[0;32m  OK  [0m] Started Accounts Service.
[[0;32m  OK  [0m] Started Login to default iSCSI targets.
[[0;32m  OK  [0m] Reached target Remote File Systems (Pre).
[[0;32m  OK  [0m] Reached target Remote File Systems.
         Starting LSB: automatic crash report generation...
         Starting LSB: Set the CPU Frequency Scaling governor to "ondemand"...
         Starting LSB: Landscape client daemons...
         Starting LSB: VirtualBox Linux Additions...
         Starting LSB: disk temperature monitoring daemon...
         Starting Permit User Sessions...
         Starting LSB: Starts and daemonize Glances server...
         Starting LSB: daemon to balance interrupts for SMP systems...
[[0;32m  OK  [0m] Started Permit User Sessions.
[[0;32m  OK  [0m] Started LSB: Set the CPU Frequency Scaling governor to "ondemand".
[[0;32m  OK  [0m] Started LSB: automatic crash report generation.
[[0;32m  OK  [0m] Started LSB: Landscape client daemons.
[[0;32m  OK  [0m] Started LSB: disk temperature monitoring daemon.
[[0;32m  OK  [0m] Started LSB: Starts and daemonize Glances server.
[[0;32m  OK  [0m] Created slice User Slice of ubuntu.
[[0;32m  OK  [0m] Started Session 1 of user ubuntu.
         Starting User Manager for UID 1000...
         Starting Hold until boot process finishes up...
         Starting Terminate Plymouth Boot Screen...
[[0;32m  OK  [0m] Started LSB: daemon to balance interrupts for SMP systems.
[[0;32m  OK  [0m] Started Hold until boot process finishes up.
[[0;32m  OK  [0m] Started Terminate Plymouth Boot Screen.
         Starting Set console scheme...
[[0;32m  OK  [0m] Started Serial Getty on ttyS0.
[[0;32m  OK  [0m] Started Getty on tty1.
[[0;32m  OK  [0m] Reached target Login Prompts.
[[0;32m  OK  [0m] Started Set console scheme.
[[0;32m  OK  [0m] Started User Manager for UID 1000.
[[0;32m  OK  [0m] Started LSB: VirtualBox Linux Additions.
[[0;32m  OK  [0m] Started The PHP 7.0 FastCGI Process Manager.

Ubuntu 16.04.1 LTS laravel-xenial64 ttyS0

laravel-xenial64 login: [   99.001793] cloud-init[1701]: Cloud-init v. 0.7.8 running 'modules:final' at Tue, 06 Jun 2017 04:09:35 +0000. Up 98.57 seconds.
[   99.002286] cloud-init[1701]: Cloud-init v. 0.7.8 finished at Tue, 06 Jun 2017 04:09:35 +0000. Datasource DataSourceNoCloud [seed=/dev/sdb][dsmode=net].  Up 98.98 seconds
[ 1194.633712] e1000 0000:00:03.0 enp0s3: Detected Tx Unit Hang
[ 1194.633712]   Tx Queue             <0>
[ 1194.633712]   TDH                  <5>
[ 1194.633712]   TDT                  <7>
[ 1194.633712]   next_to_use          <7>
[ 1194.633712]   next_to_clean        <5>
[ 1194.633712] buffer_info[next_to_clean]
[ 1194.633712]   time_stamp           <100036805>
[ 1194.633712]   next_to_watch        <6>
[ 1194.633712]   jiffies              <1000369aa>
[ 1194.633712]   next_to_watch.status <0>
[ 1197.093924] e1000 0000:00:03.0 enp0s3: Detected Tx Unit Hang
[ 1197.093924]   Tx Queue             <0>
[ 1197.093924]   TDH                  <5>
[ 1197.093924]   TDT                  <7>
[ 1197.093924]   next_to_use          <7>
[ 1197.093924]   next_to_clean        <5>
[ 1197.093924] buffer_info[next_to_clean]
[ 1197.093924]   time_stamp           <100036805>
[ 1197.093924]   next_to_watch        <6>
[ 1197.093924]   jiffies              <100036c11>
[ 1197.093924]   next_to_watch.status <0>
[ 1198.964684] e1000 0000:00:03.0 enp0s3: Detected Tx Unit Hang
[ 1198.964684]   Tx Queue             <0>
[ 1198.964684]   TDH                  <5>
[ 1198.964684]   TDT                  <7>
[ 1198.964684]   next_to_use          <7>
[ 1198.964684]   next_to_clean        <5>
[ 1198.964684] buffer_info[next_to_clean]
[ 1198.964684]   time_stamp           <100036805>
[ 1198.964684]   next_to_watch        <6>
[ 1198.964684]   jiffies              <100036de5>
[ 1198.964684]   next_to_watch.status <0>
[ 1200.833500] e1000 0000:00:03.0 enp0s3: Reset adapter
